2021-12-10 00:56:03,999 - IRCServer[19964] - INFO - Launching server mirkwood...
2021-12-10 00:56:04,000 - IRCServer[19964] - INFO - Configuring the server socket...
2021-12-10 00:56:04,014 - IRCServer[19964] - INFO - Connecting to remote server rivendale:31302...
2021-12-10 00:56:04,015 - IRCServer[19964] - INFO - Listening for new connections on port 31303
2021-12-10 00:56:04,253 - IRCServer[19964] - INFO - Launching server lothlorin...
2021-12-10 00:56:04,254 - IRCServer[19964] - INFO - Configuring the server socket...
2021-12-10 00:56:04,268 - IRCServer[19964] - INFO - Connecting to remote server mirkwood:31303...
2021-12-10 00:56:04,269 - IRCServer[19964] - INFO - Listening for new connections on port 31304
2021-12-10 00:56:04,508 - IRCServer[19964] - INFO - Launching server isengard...
2021-12-10 00:56:04,522 - IRCServer[19964] - INFO - Configuring the server socket...
2021-12-10 00:56:04,524 - IRCServer[19964] - INFO - Connecting to remote server rivendale:31302...
2021-12-10 00:56:04,538 - IRCServer[19964] - INFO - Listening for new connections on port 31305
2021-12-10 00:56:04,761 - IRCServer[19964] - INFO - Launching server minastirith...
2021-12-10 00:56:04,776 - IRCServer[19964] - INFO - Configuring the server socket...
2021-12-10 00:56:04,777 - IRCServer[19964] - INFO - Connecting to remote server theshire:31301...
2021-12-10 00:56:04,792 - IRCServer[19964] - INFO - Listening for new connections on port 31306
2021-12-10 00:56:05,032 - IRCServer[19964] - INFO - Launching server osgiliath...
2021-12-10 00:56:05,034 - IRCServer[19964] - INFO - Configuring the server socket...
2021-12-10 00:56:05,048 - IRCServer[19964] - INFO - Connecting to remote server minastiri:31306...
2021-12-10 00:56:05,049 - IRCServer[19964] - INFO - Listening for new connections on port 31307
2021-12-10 00:56:05,287 - IRCServer[19964] - INFO - Launching server barad-dur...
2021-12-10 00:56:05,302 - IRCServer[19964] - INFO - Configuring the server socket...
2021-12-10 00:56:05,306 - IRCServer[19964] - INFO - Connecting to remote server minastiri:31306...
2021-12-10 00:56:05,318 - IRCServer[19964] - INFO - Listening for new connections on port 31308
